  Dibujo.cpp
c:\users\administrador\desktop\pong-raylib\project1\project1\dibujo.cpp(25): warning C4244: '=': conversión de 'int' a 'float'; posible pérdida de datos
c:\users\administrador\desktop\pong-raylib\project1\project1\dibujo.cpp(26): warning C4244: '=': conversión de 'int' a 'float'; posible pérdida de datos
c:\users\administrador\desktop\pong-raylib\project1\project1\dibujo.cpp(27): warning C4244: 'argumento': conversión de 'int' a 'float'; posible pérdida de datos
c:\users\administrador\desktop\pong-raylib\project1\project1\dibujo.cpp(30): warning C4244: '=': conversión de 'int' a 'float'; posible pérdida de datos
c:\users\administrador\desktop\pong-raylib\project1\project1\dibujo.cpp(31): warning C4244: '=': conversión de 'int' a 'float'; posible pérdida de datos
c:\users\administrador\desktop\pong-raylib\project1\project1\dibujo.cpp(32): warning C4244: 'argumento': conversión de 'int' a 'float'; posible pérdida de datos
c:\users\administrador\desktop\pong-raylib\project1\project1\dibujo.cpp(35): warning C4244: '=': conversión de 'int' a 'float'; posible pérdida de datos
c:\users\administrador\desktop\pong-raylib\project1\project1\dibujo.cpp(36): warning C4244: '=': conversión de 'int' a 'float'; posible pérdida de datos
c:\users\administrador\desktop\pong-raylib\project1\project1\dibujo.cpp(37): warning C4244: 'argumento': conversión de 'int' a 'float'; posible pérdida de datos
c:\users\administrador\desktop\pong-raylib\project1\project1\dibujo.cpp(67): warning C4244: 'argumento': conversión de 'float' a 'int'; posible pérdida de datos
c:\users\administrador\desktop\pong-raylib\project1\project1\dibujo.cpp(71): warning C4244: 'argumento': conversión de 'float' a 'int'; posible pérdida de datos
c:\users\administrador\desktop\pong-raylib\project1\project1\dibujo.cpp(75): warning C4244: 'argumento': conversión de 'float' a 'int'; posible pérdida de datos
c:\users\administrador\desktop\pong-raylib\project1\project1\dibujo.cpp(96): warning C4244: 'argumento': conversión de 'float' a 'int'; posible pérdida de datos
c:\users\administrador\desktop\pong-raylib\project1\project1\dibujo.cpp(100): warning C4244: 'argumento': conversión de 'float' a 'int'; posible pérdida de datos
c:\users\administrador\desktop\pong-raylib\project1\project1\dibujo.cpp(104): warning C4244: 'argumento': conversión de 'float' a 'int'; posible pérdida de datos
c:\users\administrador\desktop\pong-raylib\project1\project1\dibujo.cpp(111): warning C4244: 'argumento': conversión de 'const int' a 'float'; posible pérdida de datos
  game.cpp
c:\users\administrador\desktop\pong-raylib\project1\project1\game.cpp(14): warning C4305: 'inicializando': truncamiento de 'double' a 'float'
c:\users\administrador\desktop\pong-raylib\project1\project1\game.cpp(45): warning C4244: 'argumento': conversión de 'const int' a 'float'; posible pérdida de datos
c:\users\administrador\desktop\pong-raylib\project1\project1\game.cpp(47): warning C4244: '=': conversión de 'int' a 'float'; posible pérdida de datos
c:\users\administrador\desktop\pong-raylib\project1\project1\game.cpp(48): warning C4244: '=': conversión de 'int' a 'float'; posible pérdida de datos
c:\users\administrador\desktop\pong-raylib\project1\project1\game.cpp(49): error C3892: 'radio': no se puede asignar a una variable constante
c:\users\administrador\desktop\pong-raylib\project1\project1\game.cpp(59): warning C4244: 'argumento': conversión de 'const int' a 'float'; posible pérdida de datos
c:\users\administrador\desktop\pong-raylib\project1\project1\game.cpp(61): warning C4244: '=': conversión de 'int' a 'float'; posible pérdida de datos
c:\users\administrador\desktop\pong-raylib\project1\project1\game.cpp(62): warning C4244: '=': conversión de 'int' a 'float'; posible pérdida de datos
c:\users\administrador\desktop\pong-raylib\project1\project1\game.cpp(63): error C3892: 'radio': no se puede asignar a una variable constante
c:\users\administrador\desktop\pong-raylib\project1\project1\game.cpp(78): warning C4244: 'argumento': conversión de 'int' a 'float'; posible pérdida de datos
c:\users\administrador\desktop\pong-raylib\project1\project1\game.cpp(78): warning C4244: 'argumento': conversión de 'const int' a 'float'; posible pérdida de datos
c:\users\administrador\desktop\pong-raylib\project1\project1\game.cpp(93): warning C4244: 'argumento': conversión de 'int' a 'float'; posible pérdida de datos
c:\users\administrador\desktop\pong-raylib\project1\project1\game.cpp(93): warning C4244: 'argumento': conversión de 'const int' a 'float'; posible pérdida de datos
c:\users\administrador\desktop\pong-raylib\project1\project1\game.cpp(108): warning C4244: 'argumento': conversión de 'const int' a 'float'; posible pérdida de datos
c:\users\administrador\desktop\pong-raylib\project1\project1\game.cpp(123): warning C4244: 'argumento': conversión de 'int' a 'float'; posible pérdida de datos
c:\users\administrador\desktop\pong-raylib\project1\project1\game.cpp(123): warning C4244: 'argumento': conversión de 'const int' a 'float'; posible pérdida de datos
c:\users\administrador\desktop\pong-raylib\project1\project1\game.cpp(139): warning C4244: 'argumento': conversión de 'int' a 'float'; posible pérdida de datos
c:\users\administrador\desktop\pong-raylib\project1\project1\game.cpp(139): warning C4244: 'argumento': conversión de 'const int' a 'float'; posible pérdida de datos
c:\users\administrador\desktop\pong-raylib\project1\project1\game.cpp(141): error C3892: 'radio': no se puede asignar a una variable constante
c:\users\administrador\desktop\pong-raylib\project1\project1\game.cpp(169): error C3861: 'drawGame': no se encontró el identificador
  GameOVER.cpp
  Menu.cpp
  Pelota.cpp
c:\users\administrador\desktop\pong-raylib\project1\project1\pelota.cpp(87): warning C4244: '+=': conversión de 'const float' a 'int'; posible pérdida de datos
c:\users\administrador\desktop\pong-raylib\project1\project1\pelota.cpp(91): warning C4244: '-=': conversión de 'const float' a 'int'; posible pérdida de datos
  Players.cpp
c:\users\administrador\desktop\pong-raylib\project1\project1\players.cpp(18): warning C4244: 'inicializando': conversión de 'int' a 'float'; posible pérdida de datos
c:\users\administrador\desktop\pong-raylib\project1\project1\players.cpp(19): warning C4244: 'inicializando': conversión de 'int' a 'float'; posible pérdida de datos
c:\users\administrador\desktop\pong-raylib\project1\project1\players.cpp(20): warning C4244: 'inicializando': conversión de 'int' a 'float'; posible pérdida de datos
c:\users\administrador\desktop\pong-raylib\project1\project1\players.cpp(21): warning C4838: la conversión de 'int' en 'float' requiere una conversión de restricción
c:\users\administrador\desktop\pong-raylib\project1\project1\players.cpp(21): warning C4244: 'inicializando': conversión de 'int' a 'float'; posible pérdida de datos
  Source.cpp
  Generando código...
